Using pre-set license
Built from '2021.1/staging' branch; Version is '2021.1.17f1 (03b40fe07a36) revision 242703'; Using compiler version '192528614'; Build Type 'Release'
OS: 'Windows 10 Home; OS build 22621.1992; Version 2009; 64bit' Language: 'en' Physical Memory: 32681 MB
BatchMode: 1, IsHumanControllingUs: 0, StartBugReporterOnCrash: 0, Is64bit: 1, IsPro: 0

 COMMAND LINE ARGUMENTS:
D:\Unity\2021.1.17f1\Editor\Unity.exe
-adb2
-batchMode
-noUpm
-name
AssetImportWorker0
-projectPath
D:/UnityProjects/GitProjects/TrijamBugGame
-logFile
Logs/AssetImportWorker0.log
-srvPort
59908
Successfully changed project path to: D:/UnityProjects/GitProjects/TrijamBugGame
D:/UnityProjects/GitProjects/TrijamBugGame
Using Asset Import Pipeline V2.
Refreshing native plugins compatible for Editor in 99.14 ms, found 4 plugins.
Preloading 0 native plugins for Editor in 0.00 ms.
Initialize engine version: 2021.1.17f1 (03b40fe07a36)
[Subsystems] Discovering subsystems at path D:/Unity/2021.1.17f1/Editor/Data/Resources/UnitySubsystems
[Subsystems] Discovering subsystems at path D:/UnityProjects/GitProjects/TrijamBugGame/Assets
GfxDevice: creating device client; threaded=0; jobified=0
Direct3D:
    Version:  Direct3D 11.0 [level 11.1]
    Renderer: NVIDIA GeForce RTX 3060 Ti (ID=0x2489)
    Vendor:   NVIDIA
    VRAM:     8038 MB
    Driver:   31.0.15.3179
Initialize mono
Mono path[0] = 'D:/Unity/2021.1.17f1/Editor/Data/Managed'
Mono path[1] = 'D:/Unity/2021.1.17f1/Editor/Data/MonoBleedingEdge/lib/mono/unityjit'
Mono config path = 'D:/Unity/2021.1.17f1/Editor/Data/MonoBleedingEdge/etc'
Using monoOptions --debugger-agent=transport=dt_socket,embedding=1,server=y,suspend=n,address=127.0.0.1:56780
Begin MonoManager ReloadAssembly
Registering precompiled unity dll's ...
Register platform support module: D:/Unity/2021.1.17f1/Editor/Data/PlaybackEngines/WebGLSupport/UnityEditor.WebGL.Extensions.dll
Register platform support module: D:/Unity/2021.1.17f1/Editor/Data/PlaybackEngines/WindowsStandaloneSupport/UnityEditor.WindowsStandalone.Extensions.dll
Registered in 0.001181 seconds.
Native extension for WindowsStandalone target not found
Native extension for WebGL target not found
Refreshing native plugins compatible for Editor in 98.23 ms, found 4 plugins.
Preloading 0 native plugins for Editor in 0.00 ms.
Mono: successfully reloaded assembly
- Completed reload, in  1.371 seconds
Domain Reload Profiling:
	ReloadAssembly (1372ms)
		BeginReloadAssembly (70ms)
			ExecutionOrderSort (0ms)
			DisableScriptedObjects (0ms)
			BackupInstance (0ms)
			ReleaseScriptingObjects (0ms)
			CreateAndSetChildDomain (1ms)
		EndReloadAssembly (432ms)
			LoadAssemblies (69ms)
			RebuildTransferFunctionScriptingTraits (0ms)
			SetupTypeCache (147ms)
			ReleaseScriptCaches (0ms)
			RebuildScriptCaches (25ms)
			SetupLoadedEditorAssemblies (221ms)
				LogAssemblyErrors (0ms)
				InitializePlatformSupportModulesInManaged (5ms)
				SetLoadedEditorAssemblies (0ms)
				RefreshPlugins (98ms)
				BeforeProcessingInitializeOnLoad (1ms)
				ProcessInitializeOnLoadAttributes (90ms)
				ProcessInitializeOnLoadMethodAttributes (26ms)
				AfterProcessingInitializeOnLoad (0ms)
				EditorAssembliesLoaded (0ms)
			ExecutionOrderSort2 (0ms)
			AwakeInstancesAfterBackupRestoration (0ms)
Platform modules already initialized, skipping
Registering precompiled user dll's ...
Registered in 0.004494 seconds.
Begin MonoManager ReloadAssembly
Symbol file LoadedFromMemory doesn't match image D:\UnityProjects\GitProjects\TrijamBugGame\Library\PackageCache\com.unity.visualscripting@1.6.1\Editor\VisualScripting.Core\Dependencies\YamlDotNet\Unity.VisualScripting.YamlDotNet.dll
Symbol file LoadedFromMemory doesn't match image D:\UnityProjects\GitProjects\TrijamBugGame\Library\PackageCache\com.unity.visualscripting@1.6.1\Editor\VisualScripting.Core\Dependencies\DotNetZip\Unity.VisualScripting.IonicZip.dll
Native extension for WindowsStandalone target not found
Native extension for WebGL target not found
Refreshing native plugins compatible for Editor in 95.01 ms, found 4 plugins.
Preloading 0 native plugins for Editor in 0.00 ms.
Mono: successfully reloaded assembly
- Completed reload, in  1.192 seconds
Domain Reload Profiling:
	ReloadAssembly (1193ms)
		BeginReloadAssembly (146ms)
			ExecutionOrderSort (0ms)
			DisableScriptedObjects (4ms)
			BackupInstance (0ms)
			ReleaseScriptingObjects (0ms)
			CreateAndSetChildDomain (18ms)
		EndReloadAssembly (998ms)
			LoadAssemblies (94ms)
			RebuildTransferFunctionScriptingTraits (0ms)
			SetupTypeCache (317ms)
			ReleaseScriptCaches (1ms)
			RebuildScriptCaches (51ms)
			SetupLoadedEditorAssemblies (464ms)
				LogAssemblyErrors (0ms)
				InitializePlatformSupportModulesInManaged (4ms)
				SetLoadedEditorAssemblies (0ms)
				RefreshPlugins (95ms)
				BeforeProcessingInitializeOnLoad (71ms)
				ProcessInitializeOnLoadAttributes (276ms)
				ProcessInitializeOnLoadMethodAttributes (16ms)
				AfterProcessingInitializeOnLoad (2ms)
				EditorAssembliesLoaded (0ms)
			ExecutionOrderSort2 (0ms)
			AwakeInstancesAfterBackupRestoration (5ms)
Platform modules already initialized, skipping
========================================================================
Worker process is ready to serve import requests
Launched and connected shader compiler UnityShaderCompiler.exe after 0.06 seconds
Refreshing native plugins compatible for Editor in 1.39 ms, found 4 plugins.
Preloading 0 native plugins for Editor in 0.00 ms.
Unloading 3675 Unused Serialized files (Serialized files now loaded: 0)
System memory in use before: 136.2 MB.
System memory in use after: 136.4 MB.

Unloading 32 unused Assets to reduce memory usage. Loaded Objects now: 4124.
Total: 4.112400 ms (FindLiveObjects: 0.505700 ms CreateObjectMapping: 0.138800 ms MarkObjects: 3.391600 ms  DeleteObjects: 0.074800 ms)

AssetImportParameters requested are different than current active one (requested -> active):
  custom:framework-win-MediaFoundation: 216162199b28c13a410421893ffa2e32 -> 
  custom:video-decoder-ogg-theora: a1e56fd34408186e4bbccfd4996cb3dc -> 
  custom:container-muxer-webm: aa71ff27fc2769a1b78a27578f13a17b -> 
  custom:container-demuxer-webm: 4f35f7cbe854078d1ac9338744f61a02 -> 
  custom:container-demuxer-ogg: 62fdf1f143b41e24485cea50d1cbac27 -> 
  custom:video-encoder-webm-vp8: eb34c28f22e8b96e1ab97ce403110664 -> 
  custom:video-codec-MediaFoundation-h265: 746d11721c4dcdbdad8f713fa42b33f4 -> 
  custom:video-decoder-webm-vp8: 9c59270c3fd7afecdb556c50c9e8de78 -> 
  custom:audio-decoder-ogg-vorbis: bf7c407c2cedff20999df2af8eb42d56 -> 
  custom:audio-encoder-webm-vorbis: bf7c407c2cedff20999df2af8eb42d56 -> 
========================================================================
Received Import Request.
  path: Assets
  artifactKey: Guid(00000000000000001000000000000000) Importer(815301076,1909f56bfc062723c751e8b465ee728b)
Start importing Assets using Guid(00000000000000001000000000000000) Importer(815301076,1909f56bfc062723c751e8b465ee728b)  -> (artifact id: '68a4034d3d715da871e781da702f0bc5') in 0.012731 seconds 
========================================================================
Received Import Request.
  Time since last request: 22.875509 seconds.
  path: Assets/Cactus.prefab
  artifactKey: Guid(b34a8576303dfad4fbbff560aa0274d8) Importer(815301076,1909f56bfc062723c751e8b465ee728b)
Start importing Assets/Cactus.prefab using Guid(b34a8576303dfad4fbbff560aa0274d8) Importer(815301076,1909f56bfc062723c751e8b465ee728b)  -> (artifact id: 'bde2a7dd7208ac410c035d0aa571e1ca') in 0.123991 seconds 
========================================================================
Received Import Request.
  Time since last request: 0.000158 seconds.
  path: Assets/Water.prefab
  artifactKey: Guid(20b0b55a4d055024b802387f9f4bb188) Importer(815301076,1909f56bfc062723c751e8b465ee728b)
Start importing Assets/Water.prefab using Guid(20b0b55a4d055024b802387f9f4bb188) Importer(815301076,1909f56bfc062723c751e8b465ee728b)  -> (artifact id: '5775ff78a73f1be4711898617e8d2308') in 0.014886 seconds 
========================================================================
Received Import Request.
  Time since last request: 0.000277 seconds.
  path: Assets/WaterScript.cs
  artifactKey: Guid(c5c357815b50e004ea6084d00c4c42e8) Importer(815301076,1909f56bfc062723c751e8b465ee728b)
Start importing Assets/WaterScript.cs using Guid(c5c357815b50e004ea6084d00c4c42e8) Importer(815301076,1909f56bfc062723c751e8b465ee728b)  -> (artifact id: 'ed6d15553b4559e9e97a0312b07139fb') in 0.013113 seconds 
========================================================================
Received Import Request.
  Time since last request: 0.000219 seconds.
  path: Assets/Managers.prefab
  artifactKey: Guid(9205d56de6707074cabd2b42f9f85e53) Importer(815301076,1909f56bfc062723c751e8b465ee728b)
Start importing Assets/Managers.prefab using Guid(9205d56de6707074cabd2b42f9f85e53) Importer(815301076,1909f56bfc062723c751e8b465ee728b)  -> (artifact id: 'd994a9dc3e6152176e32c5044ed4a618') in 0.010045 seconds 
========================================================================
Received Import Request.
  Time since last request: 1.228470 seconds.
  path: Assets/Bug.prefab
  artifactKey: Guid(248a085ea8b073542a4bfa3825693729) Importer(815301076,1909f56bfc062723c751e8b465ee728b)
Start importing Assets/Bug.prefab using Guid(248a085ea8b073542a4bfa3825693729) Importer(815301076,1909f56bfc062723c751e8b465ee728b)  -> (artifact id: '985bc9aca4cd411b63db74cd8902f226') in 0.013080 seconds 
========================================================================
Received Prepare
Registering precompiled user dll's ...
Registered in 0.004850 seconds.
Begin MonoManager ReloadAssembly
Symbol file LoadedFromMemory doesn't match image D:\UnityProjects\GitProjects\TrijamBugGame\Library\PackageCache\com.unity.visualscripting@1.6.1\Editor\VisualScripting.Core\Dependencies\YamlDotNet\Unity.VisualScripting.YamlDotNet.dll
Symbol file LoadedFromMemory doesn't match image D:\UnityProjects\GitProjects\TrijamBugGame\Library\PackageCache\com.unity.visualscripting@1.6.1\Editor\VisualScripting.Core\Dependencies\DotNetZip\Unity.VisualScripting.IonicZip.dll
Native extension for WindowsStandalone target not found
Native extension for WebGL target not found
Refreshing native plugins compatible for Editor in 0.90 ms, found 4 plugins.
Preloading 0 native plugins for Editor in 0.00 ms.
Mono: successfully reloaded assembly
- Completed reload, in  1.073 seconds
Domain Reload Profiling:
	ReloadAssembly (1074ms)
		BeginReloadAssembly (131ms)
			ExecutionOrderSort (0ms)
			DisableScriptedObjects (5ms)
			BackupInstance (0ms)
			ReleaseScriptingObjects (0ms)
			CreateAndSetChildDomain (40ms)
		EndReloadAssembly (888ms)
			LoadAssemblies (103ms)
			RebuildTransferFunctionScriptingTraits (0ms)
			SetupTypeCache (336ms)
			ReleaseScriptCaches (1ms)
			RebuildScriptCaches (41ms)
			SetupLoadedEditorAssemblies (335ms)
				LogAssemblyErrors (0ms)
				InitializePlatformSupportModulesInManaged (5ms)
				SetLoadedEditorAssemblies (0ms)
				RefreshPlugins (1ms)
				BeforeProcessingInitializeOnLoad (53ms)
				ProcessInitializeOnLoadAttributes (267ms)
				ProcessInitializeOnLoadMethodAttributes (7ms)
				AfterProcessingInitializeOnLoad (2ms)
				EditorAssembliesLoaded (0ms)
			ExecutionOrderSort2 (0ms)
			AwakeInstancesAfterBackupRestoration (9ms)
Platform modules already initialized, skipping
Refreshing native plugins compatible for Editor in 0.78 ms, found 4 plugins.
Preloading 0 native plugins for Editor in 0.00 ms.
Unloading 3670 Unused Serialized files (Serialized files now loaded: 0)
System memory in use before: 140.0 MB.
System memory in use after: 140.3 MB.

Unloading 20 unused Assets to reduce memory usage. Loaded Objects now: 4140.
Total: 3.541900 ms (FindLiveObjects: 0.310900 ms CreateObjectMapping: 0.088700 ms MarkObjects: 3.119700 ms  DeleteObjects: 0.021600 ms)

AssetImportParameters requested are different than current active one (requested -> active):
  custom:framework-win-MediaFoundation: 216162199b28c13a410421893ffa2e32 -> 
  custom:video-decoder-ogg-theora: a1e56fd34408186e4bbccfd4996cb3dc -> 
  custom:container-muxer-webm: aa71ff27fc2769a1b78a27578f13a17b -> 
  custom:container-demuxer-webm: 4f35f7cbe854078d1ac9338744f61a02 -> 
  custom:container-demuxer-ogg: 62fdf1f143b41e24485cea50d1cbac27 -> 
  custom:video-encoder-webm-vp8: eb34c28f22e8b96e1ab97ce403110664 -> 
  custom:video-codec-MediaFoundation-h265: 746d11721c4dcdbdad8f713fa42b33f4 -> 
  custom:video-decoder-webm-vp8: 9c59270c3fd7afecdb556c50c9e8de78 -> 
  custom:audio-decoder-ogg-vorbis: bf7c407c2cedff20999df2af8eb42d56 -> 
  custom:audio-encoder-webm-vorbis: bf7c407c2cedff20999df2af8eb42d56 -> 
========================================================================
Received Import Request.
  Time since last request: 22.290213 seconds.
  path: Assets/Bug.prefab
  artifactKey: Guid(248a085ea8b073542a4bfa3825693729) Importer(815301076,1909f56bfc062723c751e8b465ee728b)
Start importing Assets/Bug.prefab using Guid(248a085ea8b073542a4bfa3825693729) Importer(815301076,1909f56bfc062723c751e8b465ee728b)  -> (artifact id: 'b0d9883c5fe73d6c4fce9ca9a91145ea') in 0.045006 seconds 
========================================================================
Received Import Request.
  Time since last request: 10.783688 seconds.
  path: Assets/Water.prefab
  artifactKey: Guid(20b0b55a4d055024b802387f9f4bb188) Importer(815301076,1909f56bfc062723c751e8b465ee728b)
Start importing Assets/Water.prefab using Guid(20b0b55a4d055024b802387f9f4bb188) Importer(815301076,1909f56bfc062723c751e8b465ee728b)  -> (artifact id: '320f12f95cd6c265e484f4b84c41dff8') in 0.010115 seconds 
========================================================================
Received Import Request.
  Time since last request: 2.606295 seconds.
  path: Assets/Water.prefab
  artifactKey: Guid(20b0b55a4d055024b802387f9f4bb188) Importer(815301076,1909f56bfc062723c751e8b465ee728b)
Start importing Assets/Water.prefab using Guid(20b0b55a4d055024b802387f9f4bb188) Importer(815301076,1909f56bfc062723c751e8b465ee728b)  -> (artifact id: '1a3ddbf3b1e7d5b99fa5e0bac8edd43f') in 0.011027 seconds 
========================================================================
Received Import Request.
  Time since last request: 11.255685 seconds.
  path: Assets/Managers.prefab
  artifactKey: Guid(9205d56de6707074cabd2b42f9f85e53) Importer(815301076,1909f56bfc062723c751e8b465ee728b)
Start importing Assets/Managers.prefab using Guid(9205d56de6707074cabd2b42f9f85e53) Importer(815301076,1909f56bfc062723c751e8b465ee728b)  -> (artifact id: '95bc7b9b8a063ea66df1183e02249cd1') in 0.003345 seconds 
========================================================================
Received Import Request.
  Time since last request: 3.120937 seconds.
  path: Assets/Managers.prefab
  artifactKey: Guid(9205d56de6707074cabd2b42f9f85e53) Importer(815301076,1909f56bfc062723c751e8b465ee728b)
Start importing Assets/Managers.prefab using Guid(9205d56de6707074cabd2b42f9f85e53) Importer(815301076,1909f56bfc062723c751e8b465ee728b)  -> (artifact id: '2fcdb5aac261f040e6e51ef98236cdc1') in 0.003389 seconds 
========================================================================
Received Import Request.
  Time since last request: 5.482780 seconds.
  path: Assets/Managers.prefab
  artifactKey: Guid(9205d56de6707074cabd2b42f9f85e53) Importer(815301076,1909f56bfc062723c751e8b465ee728b)
Start importing Assets/Managers.prefab using Guid(9205d56de6707074cabd2b42f9f85e53) Importer(815301076,1909f56bfc062723c751e8b465ee728b)  -> (artifact id: '9b2fc6ddb0a425b0cc3bc4ec8f2bb61e') in 0.003648 seconds 
========================================================================
Received Import Request.
  Time since last request: 2.963294 seconds.
  path: Assets/Managers.prefab
  artifactKey: Guid(9205d56de6707074cabd2b42f9f85e53) Importer(815301076,1909f56bfc062723c751e8b465ee728b)
Start importing Assets/Managers.prefab using Guid(9205d56de6707074cabd2b42f9f85e53) Importer(815301076,1909f56bfc062723c751e8b465ee728b)  -> (artifact id: 'cfb0cd03fc13150f3bef87ff1d5b5238') in 0.005810 seconds 
========================================================================
Received Import Request.
  Time since last request: 9.039543 seconds.
  path: Assets/Cactus.prefab
  artifactKey: Guid(b34a8576303dfad4fbbff560aa0274d8) Importer(815301076,1909f56bfc062723c751e8b465ee728b)
Start importing Assets/Cactus.prefab using Guid(b34a8576303dfad4fbbff560aa0274d8) Importer(815301076,1909f56bfc062723c751e8b465ee728b)  -> (artifact id: 'bc53b716460a070cc1c50cc762d5732c') in 0.009666 seconds 
========================================================================
Received Import Request.
  Time since last request: 7.000760 seconds.
  path: Assets/Cactus.prefab
  artifactKey: Guid(b34a8576303dfad4fbbff560aa0274d8) Importer(815301076,1909f56bfc062723c751e8b465ee728b)
Start importing Assets/Cactus.prefab using Guid(b34a8576303dfad4fbbff560aa0274d8) Importer(815301076,1909f56bfc062723c751e8b465ee728b)  -> (artifact id: '208705fb6ba384cd0801edeb56b55c5d') in 0.007959 seconds 
========================================================================
Received Import Request.
  Time since last request: 2.602225 seconds.
  path: Assets/Cactus.prefab
  artifactKey: Guid(b34a8576303dfad4fbbff560aa0274d8) Importer(815301076,1909f56bfc062723c751e8b465ee728b)
Start importing Assets/Cactus.prefab using Guid(b34a8576303dfad4fbbff560aa0274d8) Importer(815301076,1909f56bfc062723c751e8b465ee728b)  -> (artifact id: 'b4a2f5c3f0dd6d131cd5023f7a542888') in 0.007416 seconds 
========================================================================
Received Prepare
Registering precompiled user dll's ...
Registered in 0.005015 seconds.
Begin MonoManager ReloadAssembly
Symbol file LoadedFromMemory doesn't match image D:\UnityProjects\GitProjects\TrijamBugGame\Library\PackageCache\com.unity.visualscripting@1.6.1\Editor\VisualScripting.Core\Dependencies\YamlDotNet\Unity.VisualScripting.YamlDotNet.dll
Symbol file LoadedFromMemory doesn't match image D:\UnityProjects\GitProjects\TrijamBugGame\Library\PackageCache\com.unity.visualscripting@1.6.1\Editor\VisualScripting.Core\Dependencies\DotNetZip\Unity.VisualScripting.IonicZip.dll
Native extension for WindowsStandalone target not found
Native extension for WebGL target not found
Refreshing native plugins compatible for Editor in 0.80 ms, found 4 plugins.
Preloading 0 native plugins for Editor in 0.00 ms.
Mono: successfully reloaded assembly
- Completed reload, in  1.057 seconds
Domain Reload Profiling:
	ReloadAssembly (1057ms)
		BeginReloadAssembly (128ms)
			ExecutionOrderSort (0ms)
			DisableScriptedObjects (5ms)
			BackupInstance (0ms)
			ReleaseScriptingObjects (0ms)
			CreateAndSetChildDomain (40ms)
		EndReloadAssembly (876ms)
			LoadAssemblies (99ms)
			RebuildTransferFunctionScriptingTraits (0ms)
			SetupTypeCache (322ms)
			ReleaseScriptCaches (1ms)
			RebuildScriptCaches (40ms)
			SetupLoadedEditorAssemblies (338ms)
				LogAssemblyErrors (0ms)
				InitializePlatformSupportModulesInManaged (5ms)
				SetLoadedEditorAssemblies (1ms)
				RefreshPlugins (1ms)
				BeforeProcessingInitializeOnLoad (56ms)
				ProcessInitializeOnLoadAttributes (267ms)
				ProcessInitializeOnLoadMethodAttributes (7ms)
				AfterProcessingInitializeOnLoad (2ms)
				EditorAssembliesLoaded (0ms)
			ExecutionOrderSort2 (0ms)
			AwakeInstancesAfterBackupRestoration (10ms)
Platform modules already initialized, skipping
Refreshing native plugins compatible for Editor in 0.83 ms, found 4 plugins.
Preloading 0 native plugins for Editor in 0.00 ms.
Unloading 3670 Unused Serialized files (Serialized files now loaded: 0)
System memory in use before: 140.1 MB.
System memory in use after: 140.4 MB.

Unloading 20 unused Assets to reduce memory usage. Loaded Objects now: 4145.
Total: 4.091500 ms (FindLiveObjects: 0.404200 ms CreateObjectMapping: 0.090900 ms MarkObjects: 3.572800 ms  DeleteObjects: 0.022100 ms)

AssetImportParameters requested are different than current active one (requested -> active):
  custom:framework-win-MediaFoundation: 216162199b28c13a410421893ffa2e32 -> 
  custom:video-decoder-ogg-theora: a1e56fd34408186e4bbccfd4996cb3dc -> 
  custom:container-muxer-webm: aa71ff27fc2769a1b78a27578f13a17b -> 
  custom:container-demuxer-webm: 4f35f7cbe854078d1ac9338744f61a02 -> 
  custom:container-demuxer-ogg: 62fdf1f143b41e24485cea50d1cbac27 -> 
  custom:video-encoder-webm-vp8: eb34c28f22e8b96e1ab97ce403110664 -> 
  custom:video-codec-MediaFoundation-h265: 746d11721c4dcdbdad8f713fa42b33f4 -> 
  custom:video-decoder-webm-vp8: 9c59270c3fd7afecdb556c50c9e8de78 -> 
  custom:audio-decoder-ogg-vorbis: bf7c407c2cedff20999df2af8eb42d56 -> 
  custom:audio-encoder-webm-vorbis: bf7c407c2cedff20999df2af8eb42d56 -> 
========================================================================
Received Prepare
Registering precompiled user dll's ...
Registered in 0.004775 seconds.
Begin MonoManager ReloadAssembly
Symbol file LoadedFromMemory doesn't match image D:\UnityProjects\GitProjects\TrijamBugGame\Library\PackageCache\com.unity.visualscripting@1.6.1\Editor\VisualScripting.Core\Dependencies\YamlDotNet\Unity.VisualScripting.YamlDotNet.dll
Symbol file LoadedFromMemory doesn't match image D:\UnityProjects\GitProjects\TrijamBugGame\Library\PackageCache\com.unity.visualscripting@1.6.1\Editor\VisualScripting.Core\Dependencies\DotNetZip\Unity.VisualScripting.IonicZip.dll
Native extension for WindowsStandalone target not found
Native extension for WebGL target not found
Refreshing native plugins compatible for Editor in 0.82 ms, found 4 plugins.
Preloading 0 native plugins for Editor in 0.00 ms.
Mono: successfully reloaded assembly
- Completed reload, in  1.036 seconds
Domain Reload Profiling:
	ReloadAssembly (1036ms)
		BeginReloadAssembly (126ms)
			ExecutionOrderSort (0ms)
			DisableScriptedObjects (5ms)
			BackupInstance (0ms)
			ReleaseScriptingObjects (0ms)
			CreateAndSetChildDomain (36ms)
		EndReloadAssembly (859ms)
			LoadAssemblies (96ms)
			RebuildTransferFunctionScriptingTraits (0ms)
			SetupTypeCache (311ms)
			ReleaseScriptCaches (1ms)
			RebuildScriptCaches (40ms)
			SetupLoadedEditorAssemblies (336ms)
				LogAssemblyErrors (0ms)
				InitializePlatformSupportModulesInManaged (5ms)
				SetLoadedEditorAssemblies (0ms)
				RefreshPlugins (1ms)
				BeforeProcessingInitializeOnLoad (54ms)
				ProcessInitializeOnLoadAttributes (267ms)
				ProcessInitializeOnLoadMethodAttributes (8ms)
				AfterProcessingInitializeOnLoad (2ms)
				EditorAssembliesLoaded (0ms)
			ExecutionOrderSort2 (0ms)
			AwakeInstancesAfterBackupRestoration (10ms)
Platform modules already initialized, skipping
Refreshing native plugins compatible for Editor in 0.83 ms, found 4 plugins.
Preloading 0 native plugins for Editor in 0.00 ms.
Unloading 3683 Unused Serialized files (Serialized files now loaded: 0)
System memory in use before: 142.3 MB.
System memory in use after: 141.9 MB.

Unloading 33 unused Assets to reduce memory usage. Loaded Objects now: 4149.
Total: 3.961000 ms (FindLiveObjects: 0.529200 ms CreateObjectMapping: 0.135800 ms MarkObjects: 3.038700 ms  DeleteObjects: 0.255700 ms)

AssetImportParameters requested are different than current active one (requested -> active):
  custom:framework-win-MediaFoundation: 216162199b28c13a410421893ffa2e32 -> 
  custom:video-decoder-ogg-theora: a1e56fd34408186e4bbccfd4996cb3dc -> 
  custom:container-muxer-webm: aa71ff27fc2769a1b78a27578f13a17b -> 
  custom:container-demuxer-webm: 4f35f7cbe854078d1ac9338744f61a02 -> 
  custom:container-demuxer-ogg: 62fdf1f143b41e24485cea50d1cbac27 -> 
  custom:video-encoder-webm-vp8: eb34c28f22e8b96e1ab97ce403110664 -> 
  custom:video-codec-MediaFoundation-h265: 746d11721c4dcdbdad8f713fa42b33f4 -> 
  custom:video-decoder-webm-vp8: 9c59270c3fd7afecdb556c50c9e8de78 -> 
  custom:audio-decoder-ogg-vorbis: bf7c407c2cedff20999df2af8eb42d56 -> 
  custom:audio-encoder-webm-vorbis: bf7c407c2cedff20999df2af8eb42d56 -> 
AssetImportWorkerClient::OnTransportError - code=2 error=End of file
